---
  0 debug pnpm:scope: 
    selected: 1
    workspacePrefix: null
  1 info pnpm: 
    message: "A store server is running. All store manipulations are delegated to it."
    prefix: "/app"
  2 debug pnpm:package-json: 
    initial: 
      name: "hello-express"
      version: "0.0.1"
      description: "ramo"
      main: "Strom.js"
      scripts: 
        start: "node Strom.js"
      dependencies: 
        axios: "^0.21.1"
        better-uptime: "^1.1.4"
        canvacord: "^5.0.8"
        canvas: "^2.8.0"
        captcha-plus: "^2.5.2"
        chalk: "^4.1.1"
        common-tags: "^1.8.0"
        cool-images: "^1.0.3"
        croxydb: "^0.0.7"
        crypto: "^1.0.1"
        dblapi.js: "^2.4.1"
        dctr-antispam.js: "^0.1.1"
        disc: "^1.3.3"
        discord-logs: "^1.9.0"
        discord.js: "^12.5.3"
        discord.js-commando: "^0.10.0"
        discord.js-reaction-menu: "^1.1.1"
        express: "^4.17.1"
        foo: "0.0.7"
        fs: "^0.0.2"
        generate-password: "^1.6.0"
        hastebin-gen: "^2.0.5"
        hex-color-regex: "^1.1.0"
        itunes-web-api: "^1.0.5"
        jimp: "^0.16.1"
        join: "^3.0.0"
        lowdb: "^2.1.0"
        math-expression-evaluator: "^1.3.7"
        moment: "^2.29.1"
        moment-duration-format: "^2.3.2"
        mongoose: "^5.11.9"
        ms: "^2.1.3"
        node-fetch: "^2.6.1"
        node-superfetch: "^0.1.11"
        parse-ms: "^2.1.0"
        path: "^0.12.7"
        pretty-ms: "^7.0.1"
        quick.db: "^7.1.3"
        snekfetch: "^4.0.4"
        string-similarity: "^4.0.4"
        superagent: "^6.1.0"
        vultrex.db: "^1.4.1"
        weather-js: "^2.0.0"
      engines: 
        node: "12.x"
      repository: 
        url: "https://glitch.com/edit/#!/hello-express"
      license: "MIT"
      keywords: 
        - "node"
        - "glitch"
        - "express"
      gitHead: "2701d77d84008b26ccf50d4751f912e0e3a43c17"
      readme: "ERROR: No README data found!"
      _id: "hello-express@0.0.1"
    prefix: "/app"
  3 warn pnpm: 
    message: "Moving captcha-plus that was installed by a different package manager to \"node_modules/.ignored"
    prefix: "/app"
  4 error pnpm: 
    message: 
      errno: -39
      code: "ENOTEMPTY"
      syscall: "rename"
      path: "/rbd/pnpm-volume/7701c427-4517-4968-a9db-1a5e5faf7dea/node_modules/captcha-plus"
      dest: "/rbd/pnpm-volume/7701c427-4517-4968-a9db-1a5e5faf7dea/node_modules/.ignored/captcha-plus"
    err: 
      name: "Error"
      message: "ENOTEMPTY: directory not empty, rename '/rbd/pnpm-volume/7701c427-4517-4968-a9db-1a5e5faf7dea/node_modules/captcha-plus' -> '/rbd/pnpm-volume/7701c427-4517-4968-a9db-1a5e5faf7dea/node_modules/.ignored/captcha-plus'"
      code: "ENOTEMPTY"
      stack: "Error: ENOTEMPTY: directory not empty, rename '/rbd/pnpm-volume/7701c427-4517-4968-a9db-1a5e5faf7dea/node_modules/captcha-plus' -> '/rbd/pnpm-volume/7701c427-4517-4968-a9db-1a5e5faf7dea/node_modules/.ignored/captcha-plus'"
